Build started 2018/5/16 0:12:11.
     1>Project "D:\Workplace\DEST\dest-wqy-2\build\dest_track_video.vcxproj" on node 6 (Build target(s)).
     1>ClCompile:
         C:\Program Files (x86)\Microsoft Visual Studio 12.0\VC\bin\x86_amd64\CL.exe /c /I"D:\软件\Opencv3.1.0_vc12_vc14\opencv\build\include" /I"D:\软件\Opencv3.1.0_vc12_vc14\opencv\build\include\opencv" /I"D:\Workplace\DEST\dest-wqy-2\build" /I"D:\软件\eigen-eigen-5a0156e40feb" /I"D:\Workplace\DEST\dest-wqy-2\inc" /I"D:\Workplace\DEST\dest-wqy-2\ext" /Zi /nologo /W3 /WX- /Od /Ob0 /D WIN32 /D _WINDOWS /D _SCL_SECURE_NO_WARNINGS /D _CRT_SECURE_NO_WARNINGS /D "CMAKE_INTDIR=\"Debug\"" /D _MBCS /Gm- /EHsc /RTC1 /MDd /GS /fp:precise /Zc:wchar_t /Zc:forScope /GR /Fo"dest_track_video.dir\Debug\\" /Fd"dest_track_video.dir\Debug\vc120.pdb" /Gd /TP /errorReport:prompt "D:\Workplace\DEST\dest-wqy-2\examples\dest_track_video.cpp"
         dest_track_video.cpp
     1>Done Building Project "D:\Workplace\DEST\dest-wqy-2\build\dest_track_video.vcxproj" (Build target(s)) -- FAILED.

Build FAILED.

Time Elapsed 00:00:04.30
